# Module: `4-print_square`
# Run: python3 -m doctest -v ./tests/4-print_square.txt
============================

Testing `print_square` Function
-------------------------------

Importing function from the module:

    >>> print_square = __import__('4-print_square').print_square

Printing a square with a size of 4:

    >>> print_square(4)
    ####
    ####
    ####
    ####

Passing 0 as the size of the square:

    >>> print_square(0)

Passing a float/double number as the size of the square:

    >>> print_square(1.0)
    Traceback (most recent call last):
    	      ...
    TypeError: size must be an integer

Passing a negative number as the size of the square:

    >>> print_square(-2)
    Traceback (most recent call last):
    	     ...
    ValueError: size must be >= 0

Passing a string as the size of the square:

    >>> print_square('4')
    Traceback (most recent call last):
    	      ...
    TypeError: size must be an integer

Passing None as the size of the square:

    >>> print_square(None)
    Traceback (most recent call last):
    	      ...
    TypeError: size must be an integer

Passing a missing argument:

   >>> print_square()
   Traceback (most recent call last):
   	     ...
   TypeError: print_square() missing 1 required positional argument: 'size'

Passing extra arguments:
     >>> print_square(1, 2)
     Traceback (most recent call last):
     ...
     TypeError: print_square() takes 1 positional argument but 2 were given
